<?xml version="1.0" encoding="UTF-8"?>
<!-- Generated by org.testng.reporters.JUnitXMLReporter -->
<testsuite ignored="9" hostname="DESKTOP-NFTQBJJ" failures="2" tests="2" name="Default test(failed)" time="27.31" errors="0" timestamp="2022-10-23T14:26:51 IST">
  <testcase classname="TestCases.LoginPageTest" name="verifyCustomerLoginNextPageValidationTest" time="0.864">
    <failure type="java.lang.AssertionError" message="expected [https://www.globalsqa.com/angularJs-protractor/BankingProject/#/customer] but found [https://www.globalsqa.com/angularJs-protractor/BankingProject/#/login]">
      <![CDATA[java.lang.AssertionError: expected [https://www.globalsqa.com/angularJs-protractor/BankingProject/#/customer] but found [https://www.globalsqa.com/angularJs-protractor/BankingProject/#/login]
at TestCases.LoginPageTest.verifyCustomerLoginNextPageValidationTest(LoginPageTest.java:108)
at java.base/java.util.ArrayList.forEach(ArrayList.java:1541)
... Removed 33 stack frames]]>
    </failure>
  </testcase> <!-- verifyCustomerLoginNextPageValidationTest -->
  <testcase classname="TestCases.LoginPageTest" name="verifyBankManagerLoginNextPageValidationTest" time="1.655">
    <failure type="java.lang.AssertionError" message="expected [https://www.globalsqa.com/angularJs-protractor/BankingProject/#/manager] but found [https://www.globalsqa.com/angularJs-protractor/BankingProject/#/login]">
      <![CDATA[java.lang.AssertionError: expected [https://www.globalsqa.com/angularJs-protractor/BankingProject/#/manager] but found [https://www.globalsqa.com/angularJs-protractor/BankingProject/#/login]
at TestCases.LoginPageTest.verifyBankManagerLoginNextPageValidationTest(LoginPageTest.java:144)
at java.base/java.util.ArrayList.forEach(ArrayList.java:1541)
... Removed 33 stack frames]]>
    </failure>
  </testcase> <!-- verifyBankManagerLoginNextPageValidationTest -->
  <testcase classname="TestCases.LoginPageTest" name="verifyCustomerLoginButtonDisplayTest" time="0.0">
    <ignored/>
  </testcase> <!-- verifyCustomerLoginButtonDisplayTest -->
  <testcase classname="TestCases.LoginPageTest" name="verifyHomeButtonDisplayTest" time="0.0">
    <ignored/>
  </testcase> <!-- verifyHomeButtonDisplayTest -->
  <testcase classname="TestCases.LoginPageTest" name="verifyCustomerLoginButtonEnableTest" time="0.0">
    <ignored/>
  </testcase> <!-- verifyCustomerLoginButtonEnableTest -->
  <testcase classname="TestCases.LoginPageTest" name="verifyUrlTest" time="0.0">
    <ignored/>
  </testcase> <!-- verifyUrlTest -->
  <testcase classname="TestCases.LoginPageTest" name="verifyBankManagerLoginButtonEnableTest" time="0.0">
    <ignored/>
  </testcase> <!-- verifyBankManagerLoginButtonEnableTest -->
  <testcase classname="TestCases.LoginPageTest" name="verifyXyzBankTextTest" time="0.0">
    <ignored/>
  </testcase> <!-- verifyXyzBankTextTest -->
  <testcase classname="TestCases.LoginPageTest" name="verifyBankManagerLoginButtonDisplayTest" time="0.0">
    <ignored/>
  </testcase> <!-- verifyBankManagerLoginButtonDisplayTest -->
  <testcase classname="TestCases.LoginPageTest" name="verifyTitleTest" time="0.0">
    <ignored/>
  </testcase> <!-- verifyTitleTest -->
  <testcase classname="TestCases.LoginPageTest" name="verifyHomeButtonEnableTest" time="0.0">
    <ignored/>
  </testcase> <!-- verifyHomeButtonEnableTest -->
</testsuite> <!-- Default test(failed) -->
